<?xml version="1.0" encoding="UTF-8"?>
<coverage generated="1721050829385" clover="3.2.0">
  <project timestamp="1721050829385" name="All files">
    <metrics statements="18" coveredstatements="14" conditionals="1" coveredconditionals="1" methods="12" coveredmethods="8" elements="31" coveredelements="23" complexity="0" loc="18" ncloc="18" packages="2" files="2" classes="2"/>
    <package name="cjs">
      <metrics statements="8" coveredstatements="8" conditionals="0" coveredconditionals="0" methods="5" coveredmethods="5"/>
      <file name="cjs-module-export.js" path="C:\dev\repo\js-practice\tests\jest\cjs\cjs-module-export.js">
        <metrics statements="8" coveredstatements="8" conditionals="0" coveredconditionals="0" methods="5" coveredmethods="5"/>
        <line num="2" count="2" type="stmt"/>
        <line num="6" count="2" type="stmt"/>
        <line num="9" count="1" type="stmt"/>
        <line num="17" count="1" type="stmt"/>
        <line num="21" count="1" type="stmt"/>
        <line num="25" count="1" type="stmt"/>
        <line num="32" count="1" type="stmt"/>
        <line num="33" count="2" type="stmt"/>
      </file>
    </package>
    <package name="classes">
      <metrics statements="10" coveredstatements="6" conditionals="1" coveredconditionals="1" methods="7" coveredmethods="3"/>
      <file name="classes1.js" path="C:\dev\repo\js-practice\tests\jest\classes\classes1.js">
        <metrics statements="10" coveredstatements="6" conditionals="1" coveredconditionals="1" methods="7" coveredmethods="3"/>
        <line num="7" count="5" type="stmt"/>
        <line num="8" count="5" type="stmt"/>
        <line num="9" count="5" type="stmt"/>
        <line num="13" count="4" type="stmt"/>
        <line num="17" count="1" type="stmt"/>
        <line num="21" count="0" type="stmt"/>
        <line num="25" count="0" type="stmt"/>
        <line num="29" count="0" type="stmt"/>
        <line num="33" count="0" type="stmt"/>
        <line num="37" count="1" type="stmt"/>
      </file>
    </package>
  </project>
</coverage>
