TN:
SF:tests\jest\cjs\cjs-module-export.js
FN:1,sayHello
FN:5,sayGoodbye
FN:16,(anonymous_2)
FN:20,(anonymous_3)
FN:32,(anonymous_4)
FNF:5
FNH:5
FNDA:2,sayHello
FNDA:2,sayGoodbye
FNDA:1,(anonymous_2)
FNDA:1,(anonymous_3)
FNDA:2,(anonymous_4)
DA:2,2
DA:6,2
DA:9,1
DA:17,1
DA:21,1
DA:25,1
DA:32,1
DA:33,2
LF:8
LH:8
BRF:0
BRH:0
end_of_record
TN:
SF:tests\jest\classes\classes1.js
FN:6,(anonymous_0)
FN:12,(anonymous_1)
FN:16,(anonymous_2)
FN:20,(anonymous_3)
FN:24,(anonymous_4)
FN:28,(anonymous_5)
FN:32,(anonymous_6)
FNF:7
FNH:3
FNDA:5,(anonymous_0)
FNDA:4,(anonymous_1)
FNDA:1,(anonymous_2)
FNDA:0,(anonymous_3)
FNDA:0,(anonymous_4)
FNDA:0,(anonymous_5)
FNDA:0,(anonymous_6)
DA:7,5
DA:8,5
DA:9,5
DA:13,4
DA:17,1
DA:21,0
DA:25,0
DA:29,0
DA:33,0
DA:37,1
LF:10
LH:6
BRDA:6,0,0,1
BRF:1
BRH:1
end_of_record
